0 info it worked if it ends with ok
1 verbose cli [ '/usr/bin/nodejs', '/usr/bin/npm', 'start' ]
2 info using npm@3.10.10
3 info using node@v6.9.5
4 verbose run-script [ 'prestart', 'start', 'poststart' ]
5 info lifecycle webSocket@1.0.0~prestart: webSocket@1.0.0
6 silly lifecycle webSocket@1.0.0~prestart: no script for prestart, continuing
7 info lifecycle webSocket@1.0.0~start: webSocket@1.0.0
8 verbose lifecycle webSocket@1.0.0~start: unsafe-perm in lifecycle true
9 verbose lifecycle webSocket@1.0.0~start: PATH: /usr/lib/node_modules/npm/bin/node-gyp-bin:/home/jcastro/Escritorio/websocket/node_modules/.bin:/home/jcastro/.rvm/gems/ruby-2.3.0/bin:/home/jcastro/.rvm/gems/ruby-2.3.0@global/bin:/home/jcastro/.rvm/rubies/ruby-2.3.0/bin:/home/jcastro/.rvm/bin:/usr/local/sbin:/usr/local/bin:/usr/sbin:/usr/bin:/sbin:/bin:/usr/games:/usr/local/games
10 verbose lifecycle webSocket@1.0.0~start: CWD: /home/jcastro/Escritorio/websocket
11 silly lifecycle webSocket@1.0.0~start: Args: [ '-c', 'node server.js' ]
12 silly lifecycle webSocket@1.0.0~start: Returned: code: 1  signal: null
13 info lifecycle webSocket@1.0.0~start: Failed to exec start script
14 verbose stack Error: webSocket@1.0.0 start: `node server.js`
14 verbose stack Exit status 1
14 verbose stack     at EventEmitter.<anonymous> (/usr/lib/node_modules/npm/lib/utils/lifecycle.js:255:16)
14 verbose stack     at emitTwo (events.js:106:13)
14 verbose stack     at EventEmitter.emit (events.js:191:7)
14 verbose stack     at ChildProcess.<anonymous> (/usr/lib/node_modules/npm/lib/utils/spawn.js:40:14)
14 verbose stack     at emitTwo (events.js:106:13)
14 verbose stack     at ChildProcess.emit (events.js:191:7)
14 verbose stack     at maybeClose (internal/child_process.js:877:16)
14 verbose stack     at Process.ChildProcess._handle.onexit (internal/child_process.js:226:5)
15 verbose pkgid webSocket@1.0.0
16 verbose cwd /home/jcastro/Escritorio/websocket
17 error Linux 4.4.0-53-generic
18 error argv "/usr/bin/nodejs" "/usr/bin/npm" "start"
19 error node v6.9.5
20 error npm  v3.10.10
21 error code ELIFECYCLE
22 error webSocket@1.0.0 start: `node server.js`
22 error Exit status 1
23 error Failed at the webSocket@1.0.0 start script 'node server.js'.
23 error Make sure you have the latest version of node.js and npm installed.
23 error If you do, this is most likely a problem with the webSocket package,
23 error not with npm itself.
23 error Tell the author that this fails on your system:
23 error     node server.js
23 error You can get information on how to open an issue for this project with:
23 error     npm bugs webSocket
23 error Or if that isn't available, you can get their info via:
23 error     npm owner ls webSocket
23 error There is likely additional logging output above.
24 verbose exit [ 1, true ]
